<?xml version="1.0" encoding="UTF-8"?>
<testng-results ignored="0" total="3" passed="3" failed="0" skipped="0">
  <reporter-output>
  </reporter-output>
  <suite started-at="2023-09-26T22:53:12 IST" name="Default suite" finished-at="2023-09-26T22:53:46 IST" duration-ms="33762">
    <groups>
    </groups>
    <test started-at="2023-09-26T22:53:12 IST" name="Default test" finished-at="2023-09-26T22:53:46 IST" duration-ms="33762">
      <class name="easyAdd.TestClass">
        <test-method signature="config()[pri:1, instance:easyAdd.TestClass@5a45133e]" started-at="2023-09-26T22:53:12 IST" name="config" finished-at="2023-09-26T22:53:28 IST" duration-ms="16214" status="PASS">
          <reporter-output>
          </reporter-output>
        </test-method> <!-- config -->
        <test-method signature="config2()[pri:2, instance:easyAdd.TestClass@5a45133e]" started-at="2023-09-26T22:53:28 IST" name="config2" finished-at="2023-09-26T22:53:31 IST" duration-ms="2705" status="PASS">
          <reporter-output>
          </reporter-output>
        </test-method> <!-- config2 -->
        <test-method signature="buynow()[pri:3, instance:easyAdd.TestClass@5a45133e]" started-at="2023-09-26T22:53:31 IST" name="buynow" finished-at="2023-09-26T22:53:46 IST" duration-ms="14784" status="PASS">
          <reporter-output>
          </reporter-output>
        </test-method> <!-- buynow -->
      </class> <!-- easyAdd.TestClass -->
    </test> <!-- Default test -->
  </suite> <!-- Default suite -->
</testng-results>
