<?xml version="1.0" encoding="UTF-8"?>
<!-- Generated by org.testng.reporters.JUnitXMLReporter -->
<testsuite ignored="0" hostname="LAPTOP-53AQKTGU" failures="0" tests="3" name="Default test" time="33.762" errors="0" timestamp="2023-09-26T22:53:46 IST">
  <testcase classname="easyAdd.TestClass" name="config" time="16.214"/>
  <testcase classname="easyAdd.TestClass" name="config2" time="2.705"/>
  <testcase classname="easyAdd.TestClass" name="buynow" time="14.784"/>
</testsuite> <!-- Default test -->
